
SQL*Loader: Release 11.2.0.2.0 - Production on Wed Apr 15 20:17:49 2020

Copyright (c) 1982, 2009, Oracle and/or its affiliates.  All rights reserved.

Control File:   dorms.ctl
Data File:      alldorms.csv
  Bad File:     alldorms.bad
  Discard File:  none specified
 
 (Allow all discards)

Number to load: ALL
Number to skip: 0
Errors allowed: 50
Bind array:     64 rows, maximum of 256000 bytes
Continuation:    none specified
Path used:      Conventional

Table DORMS, loaded from every logical record.
Insert option in effect for this table: INSERT
TRAILING NULLCOLS option in effect

   Column Name                  Position   Len  Term Encl Datatype
------------------------------ ---------- ----- ---- ---- ---------------------
DORM_ID                             FIRST     *   ,  O(") CHARACTER            
NAME                                 NEXT     *   ,  O(") CHARACTER            
GENDER_ID                            NEXT     *   ,  O(") CHARACTER            
LAT                                  NEXT     *   ,  O(") CHARACTER            
LNG                                  NEXT     *   ,  O(") CHARACTER            


Table DORMS:
  30 Rows successfully loaded.
  0 Rows not loaded due to data errors.
  0 Rows not loaded because all WHEN clauses were failed.
  0 Rows not loaded because all fields were null.


Space allocated for bind array:                  82560 bytes(64 rows)
Read   buffer bytes: 1048576

Total logical records skipped:          0
Total logical records read:            30
Total logical records rejected:         0
Total logical records discarded:        0

Run began on Wed Apr 15 20:17:49 2020
Run ended on Wed Apr 15 20:17:49 2020

Elapsed time was:     00:00:00.33
CPU time was:         00:00:00.02
