
SQL*Loader: Release 11.2.0.2.0 - Production on Wed Apr 15 20:17:49 2020

Copyright (c) 1982, 2009, Oracle and/or its affiliates.  All rights reserved.

Control File:   genders.ctl
Data File:      allgenders.csv
  Bad File:     allgenders.bad
  Discard File:  none specified
 
 (Allow all discards)

Number to load: ALL
Number to skip: 0
Errors allowed: 50
Bind array:     64 rows, maximum of 256000 bytes
Continuation:    none specified
Path used:      Conventional

Table GENDERS, loaded from every logical record.
Insert option in effect for this table: INSERT
TRAILING NULLCOLS option in effect

   Column Name                  Position   Len  Term Encl Datatype
------------------------------ ---------- ----- ---- ---- ---------------------
GENDER_ID                           FIRST     *   ,  O(") CHARACTER            
GENDER_NAME                          NEXT     *   ,  O(") CHARACTER            
GENDER_DESCRIPTION                   NEXT     *   ,  O(") CHARACTER            


Table GENDERS:
  2 Rows successfully loaded.
  0 Rows not loaded due to data errors.
  0 Rows not loaded because all WHEN clauses were failed.
  0 Rows not loaded because all fields were null.


Space allocated for bind array:                  49536 bytes(64 rows)
Read   buffer bytes: 1048576

Total logical records skipped:          0
Total logical records read:             2
Total logical records rejected:         0
Total logical records discarded:        0

Run began on Wed Apr 15 20:17:49 2020
Run ended on Wed Apr 15 20:17:50 2020

Elapsed time was:     00:00:00.31
CPU time was:         00:00:00.02
